<?xml version="1.0" encoding="UTF-8"?>
<testsuite xmlns:xsi="http://www.w3.org/2001/XMLSchema-instance" xsi:noNamespaceSchemaLocation="https://maven.apache.org/surefire/maven-surefire-plugin/xsd/surefire-test-report-3.0.xsd" version="3.0" name="com.example.apka_prozdrowotna.DataDietControllerIntegrationTests" time="1.594" tests="5" errors="0" skipped="0" failures="0">
  <properties>
[...]
</properties>
  <testcase name="shouldDeleteIngredientFromMealPeriod" classname="com.example.apka_prozdrowotna.DataDietControllerIntegrationTests" time="0.305">
    <system-out><![CDATA[2025-01-20T14:41:56.908+01:00  INFO 15252 --- [apka_prozdrowotna] [           main] t.c.s.AnnotationConfigContextLoaderUtils : Could not detect default configuration classes for test class [com.example.apka_prozdrowotna.DataDietControllerIntegrationTests]: DataDietControllerIntegrationTests does not declare any static, non-private, non-final, nested classes annotated with @Configuration.
2025-01-20T14:41:56.917+01:00  INFO 15252 --- [apka_prozdrowotna] [           main] .b.t.c.SpringBootTestContextBootstrapper : Found @SpringBootConfiguration com.example.apka_prozdrowotna.ApkaProzdrowotnaApplication for test class com.example.apka_prozdrowotna.DataDietControllerIntegrationTests
2025-01-20T14:41:56.921+01:00  INFO 15252 --- [apka_prozdrowotna] [           main] o.s.b.d.r.RestartApplicationListener     : Restart disabled due to context in which it is running

  .   ____          _            __ _ _
 /\\ / ___'_ __ _ _(_)_ __  __ _ \ \ \ \
( ( )\___ | '_ | '_| | '_ \/ _` | \ \ \ \
 \\/  ___)| |_)| | | | | || (_| |  ) ) ) )
  '  |____| .__|_| |_|_| |_\__, | / / / /
 =========|_|==============|___/=/_/_/_/

 :: Spring Boot ::                (v3.3.3)

2025-01-20T14:41:56.948+01:00  WARN 15252 --- [apka_prozdrowotna] [           main] ory$DuplicateJsonObjectContextCustomizer : 

Found multiple occurrences of org.json.JSONObject on the class path:

	jar:file:/C:/Users/User/.m2/repository/org/json/json/20240303/json-20240303.jar!/org/json/JSONObject.class
	jar:file:/C:/Users/User/.m2/repository/com/vaadin/external/google/android-json/0.0.20131108.vaadin1/android-json-0.0.20131108.vaadin1.jar!/org/json/JSONObject.class

You may wish to exclude one of them to ensure predictable runtime behavior

2025-01-20T14:41:56.950+01:00  INFO 15252 --- [apka_prozdrowotna] [           main] c.e.a.DataDietControllerIntegrationTests : Starting DataDietControllerIntegrationTests using Java 21.0.2 with PID 15252 (started by User in C:\Users\User\Desktop\tijo_projekt\apka_prozdrowotna_backend_tijo\apka_prozdrowotna)
2025-01-20T14:41:56.950+01:00  INFO 15252 --- [apka_prozdrowotna] [           main] c.e.a.DataDietControllerIntegrationTests : The following 1 profile is active: "test"
2025-01-20T14:41:57.107+01:00  INFO 15252 --- [apka_prozdrowotna] [           main] .s.d.r.c.RepositoryConfigurationDelegate : Bootstrapping Spring Data JPA repositories in DEFAULT mode.
2025-01-20T14:41:57.127+01:00  INFO 15252 --- [apka_prozdrowotna] [           main] .s.d.r.c.RepositoryConfigurationDelegate : Finished Spring Data repository scanning in 18 ms. Found 6 JPA repository interfaces.
2025-01-20T14:41:57.210+01:00  INFO 15252 --- [apka_prozdrowotna] [           main] com.zaxxer.hikari.HikariDataSource       : HikariPool-2 - Starting...
2025-01-20T14:41:57.428+01:00  INFO 15252 --- [apka_prozdrowotna] [           main] com.zaxxer.hikari.pool.HikariPool        : HikariPool-2 - Added connection conn0: url=jdbc:h2:mem:testdb user=SA
2025-01-20T14:41:57.429+01:00  INFO 15252 --- [apka_prozdrowotna] [           main] com.zaxxer.hikari.HikariDataSource       : HikariPool-2 - Start completed.
2025-01-20T14:41:57.449+01:00  INFO 15252 --- [apka_prozdrowotna] [           main] liquibase.database                       : Set default schema name to PUBLIC
2025-01-20T14:41:57.477+01:00  INFO 15252 --- [apka_prozdrowotna] [           main] liquibase.changelog                      : Reading resource: database/25-09-2024/01-create-meal_Ingredient.sql
2025-01-20T14:41:57.488+01:00  INFO 15252 --- [apka_prozdrowotna] [           main] liquibase.changelog                      : Creating database history table with name: PUBLIC.DATABASECHANGELOG
2025-01-20T14:41:57.518+01:00  INFO 15252 --- [apka_prozdrowotna] [           main] liquibase.changelog                      : Reading from PUBLIC.DATABASECHANGELOG
2025-01-20T14:41:57.542+01:00  INFO 15252 --- [apka_prozdrowotna] [           main] liquibase.lockservice                    : Successfully acquired change log lock
2025-01-20T14:41:57.542+01:00  INFO 15252 --- [apka_prozdrowotna] [           main] liquibase.command                        : Using deploymentId: 7380517542
2025-01-20T14:41:57.543+01:00  INFO 15252 --- [apka_prozdrowotna] [           main] liquibase.changelog                      : Reading from PUBLIC.DATABASECHANGELOG
2025-01-20T14:41:57.549+01:00  INFO 15252 --- [apka_prozdrowotna] [           main] liquibase.ui                             : Running Changeset: database/25-09-2024/01-create-meal_Ingredient.sql::1::blas
2025-01-20T14:41:57.565+01:00  INFO 15252 --- [apka_prozdrowotna] [           main] liquibase.changelog                      : Custom SQL executed
2025-01-20T14:41:57.566+01:00  INFO 15252 --- [apka_prozdrowotna] [           main] liquibase.changelog                      : ChangeSet database/25-09-2024/01-create-meal_Ingredient.sql::1::blas ran successfully in 16ms
2025-01-20T14:41:57.571+01:00  INFO 15252 --- [apka_prozdrowotna] [           main] liquibase.ui                             : Running Changeset: database/25-09-2024/01-create-meal_Ingredient.sql::2::blas
2025-01-20T14:41:57.578+01:00  INFO 15252 --- [apka_prozdrowotna] [           main] liquibase.changelog                      : Custom SQL executed
2025-01-20T14:41:57.578+01:00  INFO 15252 --- [apka_prozdrowotna] [           main] liquibase.changelog                      : ChangeSet database/25-09-2024/01-create-meal_Ingredient.sql::2::blas ran successfully in 7ms
2025-01-20T14:41:57.579+01:00  INFO 15252 --- [apka_prozdrowotna] [           main] liquibase.ui                             : Running Changeset: database/25-09-2024/01-create-meal_Ingredient.sql::3::blas
2025-01-20T14:41:57.582+01:00  INFO 15252 --- [apka_prozdrowotna] [           main] liquibase.changelog                      : Custom SQL executed
2025-01-20T14:41:57.582+01:00  INFO 15252 --- [apka_prozdrowotna] [           main] liquibase.changelog                      : ChangeSet database/25-09-2024/01-create-meal_Ingredient.sql::3::blas ran successfully in 3ms
2025-01-20T14:41:57.584+01:00  INFO 15252 --- [apka_prozdrowotna] [           main] liquibase.ui                             : Running Changeset: database/25-09-2024/01-create-meal_Ingredient.sql::4::blas
2025-01-20T14:41:57.587+01:00  INFO 15252 --- [apka_prozdrowotna] [           main] liquibase.changelog                      : Custom SQL executed
2025-01-20T14:41:57.587+01:00  INFO 15252 --- [apka_prozdrowotna] [           main] liquibase.changelog                      : ChangeSet database/25-09-2024/01-create-meal_Ingredient.sql::4::blas ran successfully in 3ms
2025-01-20T14:41:57.588+01:00  INFO 15252 --- [apka_prozdrowotna] [           main] liquibase.ui                             : Running Changeset: database/25-09-2024/01-create-meal_Ingredient.sql::5::blas
2025-01-20T14:41:57.592+01:00  INFO 15252 --- [apka_prozdrowotna] [           main] liquibase.changelog                      : Custom SQL executed
2025-01-20T14:41:57.592+01:00  INFO 15252 --- [apka_prozdrowotna] [           main] liquibase.changelog                      : ChangeSet database/25-09-2024/01-create-meal_Ingredient.sql::5::blas ran successfully in 3ms
2025-01-20T14:41:57.593+01:00  INFO 15252 --- [apka_prozdrowotna] [           main] liquibase.ui                             : Running Changeset: database/25-09-2024/01-create-meal_Ingredient.sql::9::blas
2025-01-20T14:41:57.600+01:00  INFO 15252 --- [apka_prozdrowotna] [           main] liquibase.changelog                      : Custom SQL executed
2025-01-20T14:41:57.600+01:00  INFO 15252 --- [apka_prozdrowotna] [           main] liquibase.changelog                      : ChangeSet database/25-09-2024/01-create-meal_Ingredient.sql::9::blas ran successfully in 7ms
2025-01-20T14:41:57.601+01:00  INFO 15252 --- [apka_prozdrowotna] [           main] liquibase.ui                             : Running Changeset: database/25-09-2024/01-create-meal_Ingredient.sql::10::blas
2025-01-20T14:41:57.605+01:00  INFO 15252 --- [apka_prozdrowotna] [           main] liquibase.changelog                      : Custom SQL executed
2025-01-20T14:41:57.605+01:00  INFO 15252 --- [apka_prozdrowotna] [           main] liquibase.changelog                      : ChangeSet database/25-09-2024/01-create-meal_Ingredient.sql::10::blas ran successfully in 4ms
2025-01-20T14:41:57.607+01:00  INFO 15252 --- [apka_prozdrowotna] [           main] liquibase.ui                             : Running Changeset: database/25-09-2024/01-create-meal_Ingredient.sql::11::blas
2025-01-20T14:41:57.610+01:00  INFO 15252 --- [apka_prozdrowotna] [           main] liquibase.changelog                      : Custom SQL executed
2025-01-20T14:41:57.611+01:00  INFO 15252 --- [apka_prozdrowotna] [           main] liquibase.changelog                      : ChangeSet database/25-09-2024/01-create-meal_Ingredient.sql::11::blas ran successfully in 4ms
2025-01-20T14:41:57.612+01:00  INFO 15252 --- [apka_prozdrowotna] [           main] liquibase.ui                             : Running Changeset: database/25-09-2024/01-create-meal_Ingredient.sql::12::blas
2025-01-20T14:41:57.617+01:00  INFO 15252 --- [apka_prozdrowotna] [           main] liquibase.changelog                      : Custom SQL executed
2025-01-20T14:41:57.617+01:00  INFO 15252 --- [apka_prozdrowotna] [           main] liquibase.changelog                      : ChangeSet database/25-09-2024/01-create-meal_Ingredient.sql::12::blas ran successfully in 5ms
2025-01-20T14:41:57.618+01:00  INFO 15252 --- [apka_prozdrowotna] [           main] liquibase.ui                             : Running Changeset: database/25-09-2024/01-create-meal_Ingredient.sql::13::your_name
2025-01-20T14:41:57.631+01:00  INFO 15252 --- [apka_prozdrowotna] [           main] liquibase.changelog                      : Custom SQL executed
2025-01-20T14:41:57.631+01:00  INFO 15252 --- [apka_prozdrowotna] [           main] liquibase.changelog                      : ChangeSet database/25-09-2024/01-create-meal_Ingredient.sql::13::your_name ran successfully in 13ms
2025-01-20T14:41:57.633+01:00  INFO 15252 --- [apka_prozdrowotna] [           main] liquibase.ui                             : Running Changeset: database/25-09-2024/01-create-meal_Ingredient.sql::14::your_name
2025-01-20T14:41:57.651+01:00  INFO 15252 --- [apka_prozdrowotna] [           main] liquibase.changelog                      : Custom SQL executed
2025-01-20T14:41:57.651+01:00  INFO 15252 --- [apka_prozdrowotna] [           main] liquibase.changelog                      : ChangeSet database/25-09-2024/01-create-meal_Ingredient.sql::14::your_name ran successfully in 18ms
2025-01-20T14:41:57.653+01:00  INFO 15252 --- [apka_prozdrowotna] [           main] liquibase.ui                             : Running Changeset: database/25-09-2024/01-create-meal_Ingredient.sql::15::your_name
2025-01-20T14:41:57.669+01:00  INFO 15252 --- [apka_prozdrowotna] [           main] liquibase.changelog                      : Custom SQL executed
2025-01-20T14:41:57.669+01:00  INFO 15252 --- [apka_prozdrowotna] [           main] liquibase.changelog                      : ChangeSet database/25-09-2024/01-create-meal_Ingredient.sql::15::your_name ran successfully in 16ms
2025-01-20T14:41:57.671+01:00  INFO 15252 --- [apka_prozdrowotna] [           main] liquibase.ui                             : Running Changeset: database/25-09-2024/01-create-meal_Ingredient.sql::16::blas
2025-01-20T14:41:57.672+01:00  INFO 15252 --- [apka_prozdrowotna] [           main] liquibase.changelog                      : Custom SQL executed
2025-01-20T14:41:57.672+01:00  INFO 15252 --- [apka_prozdrowotna] [           main] liquibase.changelog                      : ChangeSet database/25-09-2024/01-create-meal_Ingredient.sql::16::blas ran successfully in 1ms
2025-01-20T14:41:57.674+01:00  INFO 15252 --- [apka_prozdrowotna] [           main] liquibase.util                           : UPDATE SUMMARY
2025-01-20T14:41:57.674+01:00  INFO 15252 --- [apka_prozdrowotna] [           main] liquibase.util                           : Run:                         13
2025-01-20T14:41:57.674+01:00  INFO 15252 --- [apka_prozdrowotna] [           main] liquibase.util                           : Previously run:               0
2025-01-20T14:41:57.674+01:00  INFO 15252 --- [apka_prozdrowotna] [           main] liquibase.util                           : Filtered out:                 0
2025-01-20T14:41:57.674+01:00  INFO 15252 --- [apka_prozdrowotna] [           main] liquibase.util                           : -------------------------------
2025-01-20T14:41:57.674+01:00  INFO 15252 --- [apka_prozdrowotna] [           main] liquibase.util                           : Total change sets:           13
2025-01-20T14:41:57.674+01:00  INFO 15252 --- [apka_prozdrowotna] [           main] liquibase.util                           : Update summary generated
2025-01-20T14:41:57.680+01:00  INFO 15252 --- [apka_prozdrowotna] [           main] liquibase.command                        : Update command completed successfully.
2025-01-20T14:41:57.680+01:00  INFO 15252 --- [apka_prozdrowotna] [           main] liquibase.ui                             : Liquibase: Update has been successful. Rows affected: 90
2025-01-20T14:41:57.682+01:00  INFO 15252 --- [apka_prozdrowotna] [           main] liquibase.lockservice                    : Successfully released change log lock
2025-01-20T14:41:57.682+01:00  INFO 15252 --- [apka_prozdrowotna] [           main] liquibase.command                        : Command execution complete
2025-01-20T14:41:57.705+01:00  INFO 15252 --- [apka_prozdrowotna] [           main] o.hibernate.jpa.internal.util.LogHelper  : HHH000204: Processing PersistenceUnitInfo [name: default]
2025-01-20T14:41:57.710+01:00  INFO 15252 --- [apka_prozdrowotna] [           main] o.h.c.internal.RegionFactoryInitiator    : HHH000026: Second-level cache disabled
2025-01-20T14:41:57.725+01:00  INFO 15252 --- [apka_prozdrowotna] [           main] o.s.o.j.p.SpringPersistenceUnitInfo      : No LoadTimeWeaver setup: ignoring JPA class transformer
2025-01-20T14:41:57.861+01:00  INFO 15252 --- [apka_prozdrowotna] [           main] o.h.e.t.j.p.i.JtaPlatformInitiator       : HHH000489: No JTA platform available (set 'hibernate.transaction.jta.platform' to enable JTA platform integration)
2025-01-20T14:41:57.861+01:00  INFO 15252 --- [apka_prozdrowotna] [           main] j.LocalContainerEntityManagerFactoryBean : Initialized JPA EntityManagerFactory for persistence unit 'default'
2025-01-20T14:41:57.994+01:00  WARN 15252 --- [apka_prozdrowotna] [           main] JpaBaseConfiguration$JpaWebConfiguration : spring.jpa.open-in-view is enabled by default. Therefore, database queries may be performed during view rendering. Explicitly configure spring.jpa.open-in-view to disable this warning
2025-01-20T14:41:58.066+01:00  WARN 15252 --- [apka_prozdrowotna] [           main] ion$DefaultTemplateResolverConfiguration : Cannot find template location: classpath:/templates/ (please add some templates, check your Thymeleaf configuration, or set spring.thymeleaf.check-template-location=false)
2025-01-20T14:41:58.133+01:00  INFO 15252 --- [apka_prozdrowotna] [           main] o.s.b.t.m.w.SpringBootMockServletContext : Initializing Spring TestDispatcherServlet ''
2025-01-20T14:41:58.133+01:00  INFO 15252 --- [apka_prozdrowotna] [           main] o.s.t.web.servlet.TestDispatcherServlet  : Initializing Servlet ''
2025-01-20T14:41:58.135+01:00  INFO 15252 --- [apka_prozdrowotna] [           main] o.s.t.web.servlet.TestDispatcherServlet  : Completed initialization in 1 ms
2025-01-20T14:41:58.148+01:00  INFO 15252 --- [apka_prozdrowotna] [           main] o.s.s.config.TaskSchedulerRouter         : No TaskScheduler/ScheduledExecutorService bean found for scheduled processing
2025-01-20T14:41:58.149+01:00  INFO 15252 --- [apka_prozdrowotna] [           main] c.e.a.DataDietControllerIntegrationTests : Started DataDietControllerIntegrationTests in 1.228 seconds (process running for 8.704)
2025-01-20T14:41:58.455+01:00  INFO 15252 --- [apka_prozdrowotna] [           main] c.e.a.c.DailyDietHomeController          : Ingredient with ID 1 was successfully deleted from lunch.
]]></system-out>
  </testcase>
  <testcase name="testGetCaloriePoolIntegration" classname="com.example.apka_prozdrowotna.DataDietControllerIntegrationTests" time="0.008"/>
  <testcase name="shouldReturnIngredientsForMealPeriod" classname="com.example.apka_prozdrowotna.DataDietControllerIntegrationTests" time="0.013"/>
  <testcase name="testGetRecommendedHydrationIntegration" classname="com.example.apka_prozdrowotna.DataDietControllerIntegrationTests" time="0.006"/>
  <testcase name="testGetBmiIntegration" classname="com.example.apka_prozdrowotna.DataDietControllerIntegrationTests" time="0.006"/>
</testsuite>